C:\Program Files\Microsoft Visual Studio\2022\Community\MSBuild\Microsoft\VC\v170\Microsoft.CppBuild.targets(534,5): warning MSB8028: The intermediate directory (x64\Debug\) contains files shared from another project (A07Test.vcxproj).  This can lead to incorrect clean and rebuild behavior.
  A07.cpp
C:\Users\julia\OneDrive\Área de Trabalho\POLIMI\Computer Graphics\Polimi\Assignments\A07\A07Test\Starter.hpp(278,20): warning C4099: 'Model': type name first seen using 'struct' now seen using 'class'
C:\Users\julia\OneDrive\Área de Trabalho\POLIMI\Computer Graphics\Polimi\Assignments\A07\A07Test\Starter.hpp(171): message : see declaration of 'Model'
C:\Users\julia\OneDrive\Área de Trabalho\POLIMI\Computer Graphics\Polimi\Assignments\A07\A07Test\Starter.hpp(279,22): warning C4099: 'Texture': type name first seen using 'struct' now seen using 'class'
C:\Users\julia\OneDrive\Área de Trabalho\POLIMI\Computer Graphics\Polimi\Assignments\A07\A07Test\Starter.hpp(189): message : see declaration of 'Texture'
C:\Users\julia\OneDrive\Área de Trabalho\POLIMI\Computer Graphics\Polimi\Assignments\A07\A07Test\Starter.hpp(280,23): warning C4099: 'Pipeline': type name first seen using 'struct' now seen using 'class'
C:\Users\julia\OneDrive\Área de Trabalho\POLIMI\Computer Graphics\Polimi\Assignments\A07\A07Test\Starter.hpp(223): message : see declaration of 'Pipeline'
C:\Users\julia\OneDrive\Área de Trabalho\POLIMI\Computer Graphics\Polimi\Assignments\A07\A07Test\Starter.hpp(281,34): warning C4099: 'DescriptorSetLayout': type name first seen using 'struct' now seen using 'class'
C:\Users\julia\OneDrive\Área de Trabalho\POLIMI\Computer Graphics\Polimi\Assignments\A07\A07Test\Starter.hpp(215): message : see declaration of 'DescriptorSetLayout'
C:\Users\julia\OneDrive\Área de Trabalho\POLIMI\Computer Graphics\Polimi\Assignments\A07\A07Test\Starter.hpp(282,28): warning C4099: 'DescriptorSet': type name first seen using 'struct' now seen using 'class'
C:\Users\julia\OneDrive\Área de Trabalho\POLIMI\Computer Graphics\Polimi\Assignments\A07\A07Test\Starter.hpp(259): message : see declaration of 'DescriptorSet'
C:\Users\julia\OneDrive\Área de Trabalho\POLIMI\Computer Graphics\Polimi\Assignments\A07\A07Test\Starter.hpp(1500,1): warning C4267: 'argument': conversion from 'size_t' to 'int', possible loss of data
C:\Users\julia\OneDrive\Área de Trabalho\POLIMI\Computer Graphics\Polimi\Assignments\A07\A07Test\Starter.hpp(1788,16): warning C4244: '=': conversion from 'double' to 'T', possible loss of data
          with
          [
              T=float
          ]
C:\Users\julia\OneDrive\Área de Trabalho\POLIMI\Computer Graphics\Polimi\Assignments\A07\A07Test\Starter.hpp(1789,16): warning C4244: '=': conversion from 'double' to 'T', possible loss of data
          with
          [
              T=float
          ]
C:\Users\julia\OneDrive\Área de Trabalho\POLIMI\Computer Graphics\Polimi\Assignments\A07\A07Test\Starter.hpp(1878,39): warning C4267: 'argument': conversion from 'size_t' to '_Ty', possible loss of data
          with
          [
              _Ty=unsigned int
          ]
C:\Users\julia\OneDrive\Área de Trabalho\POLIMI\Computer Graphics\Polimi\Assignments\A07\A07Test\Starter.hpp(2232,48): warning C4267: '=': conversion from 'size_t' to 'uint32_t', possible loss of data
LINK : warning LNK4098: defaultlib 'MSVCRT' conflicts with use of other libs; use /NODEFAULTLIB:library
  Project.vcxproj -> C:\Users\julia\OneDrive\Área de Trabalho\POLIMI\Computer Graphics\Polimi\Project\Project\x64\Debug\Project.exe
